1
0
1
ASSEMBLY
1
ELG Specimen 2024-1
ELG Specimen 2024
1
ELG Specimen 2024-1
14
-2147483646
0
48 1 16 5 0 1 0 -1 -1 1520 1 -1879048189 2 1520 
14
48 1 16 5 0 1 0 -1 -1 1520 1 -1879048189 1 1520 
1
1 1
-2147483647
1
ELG Specimen 2024-1
14
-2147483646
0
48 1 16 5 0 1 0 -1 -1 1359 1 -1879048189 1 1359 
14
48 1 16 5 0 1 0 -1 -1 1359 1 -1879048189 1 1359 
0
4
Gauge Length
0
1
0
1
ELG Specimen 2024-1
17
-2147483647
60 1 16 8 0 1 0 -1 -1 693 2 -1879048188 -1879048186 271 18 622 675 
0
SET-10
0
1
0
1
ELG Specimen 2024-1
14
-2147483647
48 1 16 5 0 1 0 -1 -1 1359 1 -1879048189 1 1359 
0
SET-7
0
1
0
1
ELG Specimen 2024-1
14
-2147483647
48 1 16 5 0 1 0 -1 -1 270 1 -1879048189 352 270 
0
_S_SURF-4_S3
0
2
0
1
ELG Specimen 2024-1
9
262 263 264 265 266 267 268 269 270 
0
1
ELG Specimen 2024-1
1
SET-1
0
1
14
-2147483647
48 1 16 5 0 1 0 -1 -1 1359 1 -1879048189 1 1359 
0
0
0
7

0
2
0
2

1
1 
ELG Specimen 2024-1
14
-2147483647
48 1 16 5 0 1 0 -1 -1 1520 1 -1879048189 2 1520 
0
M_SET-6
0
1
1
1 
0
0
SET-10
0
1
0
1
ELG Specimen 2024-1
14
-2147483647
48 1 16 5 0 1 0 -1 -1 1520 1 -1879048189 2 1520 
0
SET-7
0
1
0
1
ELG Specimen 2024-1
20
-2147483647
72 1 16 11 0 1 0 -1 -1 310 3 -1879048187 -1879048185 -1879048183 8 4 113 74 650 232 
0
SET-8
0
1
1
1 
0
0
SET-9
0
1
1
1 
0
0
SET-RP
0
1
1
1 
0
0
2
ELG Specimen 2024-1
2
 P       1
0
2
14
-2147483647
48 1 16 5 0 1 0 -1 -1 1520 1 -1879048189 2 1520 
0
0
SET-1
0
1
14
-2147483647
48 1 16 5 0 1 0 -1 -1 1520 1 -1879048189 2 1520 
0
0
0

1
 P       0
0
2
1
1 
0
0
0
0
1
S_SURF-4
0
0
0
1
ELG Specimen 2024-1
0
0
1
S3
9
262 263 264 265 266 267 268 269 270 
