Analysis initiated from SIMULIA established products
Abaqus JOB Creep_calibrated_280
Abaqus 2024
Abaqus License Manager checked out the following licenses:
Abaqus/Standard checked out 5 tokens from Flexnet server ls-abaqus-t.bris.ac.uk.
<1914 out of 2000 licenses remain available>.
Begin Analysis Input File Processor
3/20/2025 3:16:18 PM
Run pre.exe
3/20/2025 3:16:22 PM
End Analysis Input File Processor
Begin Abaqus/Standard Analysis
3/20/2025 3:16:22 PM
Run standard.exe
3/20/2025 3:16:36 PM
End Abaqus/Standard Analysis
Begin SIM Wrap-up
3/20/2025 3:16:37 PM
Run SMASimUtility.exe
3/20/2025 3:16:37 PM
End SIM Wrap-up
!!! EXCEPTION:
!!!   System Error RemoveDirectory: Access is denied.

!!! TRACEBACK:
!!!   SMASimUttFileUtils::RemoveDir
!!!   SMASimFileCleaner::Teardown
!!!   SMASimFileCleaner_Teardown
!!!   ffi_prep_go_closure
!!!   ffi_call_go
!!!   ffi_call
!!!   DllCanUnloadNow
!!!   DllCanUnloadNow
!!!   <stack frame not available>
!!!   PyObject_MakeTpCall
!!!   PyEval_EvalFrameDefault
!!!   PyEval_Vector
!!!   PyFunction_Vectorcall
!!!   PyCell_Set
!!!   PyCell_Set
!!!   PyEval_EvalFrameDefault
!!!   PyEval_Vector
!!!   PyFunction_Vectorcall
!!!   PyCell_Set
!!!   PyCell_Set
!!!   PyEval_EvalFrameDefault
!!!   PyEval_Vector
!!!   PyFunction_Vectorcall
!!!   PyCell_Set
!!!   PyCell_Set
!!!   PyEval_EvalFrameDefault
!!!   PyEval_Vector
!!!   PyEval_EvalCode
!!!   PyErr_Display
!!!   PyErr_Display
!!!   PyErr_Display
!!!   PyRun_SimpleFileObject
!!!   PyRun_AnyFileObject
!!!   Py_RunMain
!!!   Py_RunMain
!!!   Py_RunMain
!!!   Py_RunMain
!!!   Py_Main
!!!   <stack frame not available>
!!!   <stack frame not available>
!!!   <stack frame not available>
!!!   BaseThreadInitThunk
!!!   RtlUserThreadStart
!!! EXCEPTION:
!!!   System Error RemoveDirectory: Access is denied.

!!! TRACEBACK:
!!!   SMASimUttFileUtils::RemoveDir
!!!   SMASimInterface_initializeC
!!!   _CxxFrameHandler4
!!!   <stack frame not available>
!!!   RtlCaptureContext2
!!!   SMASimFileCleaner::Teardown
!!!   SMASimFileCleaner_Teardown
!!!   ffi_prep_go_closure
!!!   ffi_call_go
!!!   ffi_call
!!!   DllCanUnloadNow
!!!   DllCanUnloadNow
!!!   <stack frame not available>
!!!   PyObject_MakeTpCall
!!!   PyEval_EvalFrameDefault
!!!   PyEval_Vector
!!!   PyFunction_Vectorcall
!!!   PyCell_Set
!!!   PyCell_Set
!!!   PyEval_EvalFrameDefault
!!!   PyEval_Vector
!!!   PyFunction_Vectorcall
!!!   PyCell_Set
!!!   PyCell_Set
!!!   PyEval_EvalFrameDefault
!!!   PyEval_Vector
!!!   PyFunction_Vectorcall
!!!   PyCell_Set
!!!   PyCell_Set
!!!   PyEval_EvalFrameDefault
!!!   PyEval_Vector
!!!   PyEval_EvalCode
!!!   PyErr_Display
!!!   PyErr_Display
!!!   PyErr_Display
!!!   PyRun_SimpleFileObject
!!!   PyRun_AnyFileObject
!!!   Py_RunMain
!!!   Py_RunMain
!!!   Py_RunMain
!!!   Py_RunMain
!!!   Py_Main
!!!   <stack frame not available>
!!!   <stack frame not available>
!!!   <stack frame not available>
!!!   BaseThreadInitThunk
!!!   RtlUserThreadStart
!!! Error in SMASimFileCleaner::RemoveDir "System Error RemoveDirectory: Access is denied.
"
!!! Failure to delete directory: "C:\Users\pl21012\OneDrive - University of Bristol\Documents\Y4 GIP\Tests\Creep_calibrated_280.simdir"
Abaqus JOB Creep_calibrated_280 COMPLETED
